#
# A fatal error has been detected by the Java Runtime Environment:
#
#  EXCEPTION_ACCESS_VIOLATION (0xc0000005) at pc=0x00007fffa34d2e8f, pid=4688, tid=10900
#
# JRE version: Java(TM) SE Runtime Environment (17.0.7+8) (build 17.0.7+8-LTS-224)
# Java VM: Java HotSpot(TM) 64-Bit Server VM (17.0.7+8-LTS-224, mixed mode, sharing, tiered, compressed oops, compressed class ptrs, g1 gc, windows-amd64)
# Problematic frame:
# V  [jvm.dll+0x6f2e8f]
#
# No core dump will be written. Minidumps are not enabled by default on client versions of Windows
#
# If you would like to submit a bug report, please visit:
#   https://bugreport.java.com/bugreport/crash.jsp
#

---------------  S U M M A R Y ------------

Command Line: -Xdebug -Xnoagent -Djava.compiler=NONE -Xrunjdwp:transport=dt_socket,address=localhost:61718,server=n,suspend=y -ea -XX:+ShowCodeDetailsInExceptionMessages -Dfile.encoding=UTF-8 org.eclipse.jdt.internal.junit.runner.RemoteTestRunner -version 3 -port 61714 -testLoaderClass org.eclipse.jdt.internal.junit5.runner.JUnit5TestLoader -loaderpluginname org.eclipse.jdt.junit5.runtime -test com.justinkuchmy.orderitem.OrderitemApplicationTests:getorderItems

Host: Intel(R) Core(TM) i7-8750H CPU @ 2.20GHz, 12 cores, 15G,  Windows 10 , 64 bit Build 19041 (10.0.19041.3155)
Time: Sat Jul 22 08:06:12 2023 Eastern Daylight Time elapsed time: 51.595310 seconds (0d 0h 0m 51s)

---------------  T H R E A D  ---------------

Current thread (0x0000017325ea8560):  VMThread "VM Thread" [stack: 0x0000000777500000,0x0000000777600000] [id=10900]

Stack: [0x0000000777500000,0x0000000777600000],  sp=0x00000007775fe810,  free space=1018k
Native frames: (J=compiled Java code, j=interpreted, Vv=VM code, C=native code)
V  [jvm.dll+0x6f2e8f]
V  [jvm.dll+0x333e1f]
V  [jvm.dll+0x336054]
V  [jvm.dll+0x3366fe]
V  [jvm.dll+0x333c65]
V  [jvm.dll+0x332de1]
V  [jvm.dll+0x665123]
V  [jvm.dll+0x664e43]
V  [jvm.dll+0x62aa98]
V  [jvm.dll+0x7ce905]
V  [jvm.dll+0x527542]
V  [jvm.dll+0x7ddb0b]
V  [jvm.dll+0x7de844]
V  [jvm.dll+0x7ded5d]
V  [jvm.dll+0x7df134]
V  [jvm.dll+0x7df200]
V  [jvm.dll+0x78759a]
V  [jvm.dll+0x675875]
C  [ucrtbase.dll+0x21bb2]
C  [KERNEL32.DLL+0x17614]
C  [ntdll.dll+0x526b1]


siginfo: EXCEPTION_ACCESS_VIOLATION (0xc0000005), reading address 0x0000000000000004


Register to memory mapping:

RIP=0x00007fffa34d2e8f jvm.dll
RAX=0x0 is NULL
RBX=0x0 is NULL
RCX=0x00000007775fe830 points into unknown readable memory: 0x0000000000000000 | 00 00 00 00 00 00 00 00
RDX=0x0000000000000002 is an unknown value
RSP=0x00000007775fe810 points into unknown readable memory: 0x00000007775fe970 | 70 e9 5f 77 07 00 00 00
RBP=0x00000007775fe970 points into unknown readable memory: 0x00000007775fefd0 | d0 ef 5f 77 07 00 00 00
RSI=0x00000007775fe8a0 points into unknown readable memory: 0x0000000000000000 | 00 00 00 00 00 00 00 00
RDI=0x00000007775fefd0 points into unknown readable memory: 0x00007fffa37279f0 | f0 79 72 a3 ff 7f 00 00
R8 =0x0 is NULL
R9 =0x0000017337660000 is pointing into metadata
R10=0x0 is NULL
R11=0x000001733764b3e0 is pointing into metadata
R12=0x00007fffa2de0000 jvm.dll
R13=0x0000017326a2f448 points into unknown readable memory: 0x0000000c00000000 | 00 00 00 00 0c 00 00 00
R14=0x000001733764b41e is pointing into metadata
R15=0x0000000000000014 is an unknown value


Registers:
RAX=0x0000000000000000, RBX=0x0000000000000000, RCX=0x00000007775fe830, RDX=0x0000000000000002
RSP=0x00000007775fe810, RBP=0x00000007775fe970, RSI=0x00000007775fe8a0, RDI=0x00000007775fefd0
R8 =0x0000000000000000, R9 =0x0000017337660000, R10=0x0000000000000000, R11=0x000001733764b3e0
R12=0x00007fffa2de0000, R13=0x0000017326a2f448, R14=0x000001733764b41e, R15=0x0000000000000014
RIP=0x00007fffa34d2e8f, EFLAGS=0x0000000000010246

Top of Stack: (sp=0x00000007775fe810)
0x00000007775fe810:   00000007775fe970 00000007775fe8a0
0x00000007775fe820:   00000007775fefd0 000001733764b414
0x00000007775fe830:   0000000000000000 00007fffa301cfee
0x00000007775fe840:   00000007775fe8c8 0000000100000001
0x00000007775fe850:   0000000800450068 0000000000000000
0x00000007775fe860:   0000000000000000 00007fffa3113e1f
0x00000007775fe870:   0000000000000000 0000000000000001
0x00000007775fe880:   0000000000000000 0000000000000000
0x00000007775fe890:   0000000000000000 0000000000000000
0x00000007775fe8a0:   0000000000000000 00007fff00000063
0x00000007775fe8b0:   0000000000000000 00000007775fe8f8
0x00000007775fe8c0:   0000000000000000 0000017331d804c8
0x00000007775fe8d0:   0000006b00000026 000000000000006b
0x00000007775fe8e0:   000000030000000c 0000000800450068
0x00000007775fe8f0:   0000000000000000 0000000046000004
0x00000007775fe900:   00000007775ff0a0 00007fffa34d2e3e 

Instructions: (pc=0x00007fffa34d2e8f)
0x00007fffa34d2d8f:   be 4c 30 06 83 f9 29 75 34 41 8d 40 01 c7 47 1c
0x00007fffa34d2d9f:   03 00 00 00 89 47 0c 44 8b c0 89 47 08 3b c3 7c
0x00007fffa34d2daf:   17 c7 47 1c ff ff ff ff 48 8b 5c 24 30 48 8b 74
0x00007fffa34d2dbf:   24 38 48 83 c4 20 5f c3 0f be 4c 32 07 e8 7f fc
0x00007fffa34d2dcf:   ff ff 48 83 c6 06 89 47 18 49 63 d0 83 e8 0c 74
0x00007fffa34d2ddf:   49 83 f8 01 75 2e 48 8b c2 48 3b d3 7d 13 0f 1f
0x00007fffa34d2def:   00 80 3c 30 5b 75 0a ff c2 48 ff c0 48 3b c3 7c
0x00007fffa34d2dff:   f0 48 63 ca 8b c2 41 2b c0 48 03 ce 89 47 14 80
0x00007fffa34d2e0f:   39 4c 74 1a 8d 5a 01 89 5f 0c 48 8b 5c 24 30 48
0x00007fffa34d2e1f:   8b 74 24 38 48 83 c4 20 5f c3 48 8d 0c 16 8b c3
0x00007fffa34d2e2f:   2b c2 ba 3b 00 00 00 4c 63 c0 e8 12 21 14 00 48
0x00007fffa34d2e3f:   85 c0 74 06 8b d8 2b de ff c3 48 8b 74 24 38 89
0x00007fffa34d2e4f:   5f 0c 48 8b 5c 24 30 48 83 c4 20 5f c3 cc cc cc
0x00007fffa34d2e5f:   cc 40 56 48 83 ec 50 83 79 08 63 48 8b f1 0f 85
0x00007fffa34d2e6f:   d0 00 00 00 48 8b 01 48 8d 4c 24 20 48 89 44 24
0x00007fffa34d2e7f:   20 48 89 5c 24 60 33 db c7 44 24 3c 01 00 00 00
0x00007fffa34d2e8f:   0f b7 40 04 89 44 24 30 48 8b 05 1a 24 43 00 48
0x00007fffa34d2e9f:   89 44 24 40 c7 44 24 2c 01 00 00 00 c7 44 24 28
0x00007fffa34d2eaf:   01 00 00 00 89 5c 24 34 48 89 5c 24 48 e8 8f fe
0x00007fffa34d2ebf:   ff ff 48 8d 4c 24 20 e8 b5 00 00 00 8b 44 24 38
0x00007fffa34d2ecf:   48 8b 4c 24 40 89 46 08 48 3b 0d da 23 43 00 74
0x00007fffa34d2edf:   45 48 89 6c 24 68 e8 96 1e 05 00 48 8b 6c 24 48
0x00007fffa34d2eef:   48 85 ed 74 3c 39 5d 00 7e 37 48 89 7c 24 70 8b
0x00007fffa34d2eff:   fb 48 8b 4d 08 48 8b 0c 0f e8 73 1e 05 00 ff c3
0x00007fffa34d2f0f:   48 8d 7f 08 3b 5d 00 7c e8 8b 46 08 48 8b 7c 24
0x00007fffa34d2f1f:   70 48 8b 6c 24 68 48 8b 5c 24 60 48 83 c4 50 5e
0x00007fffa34d2f2f:   c3 8b 46 08 48 8b 6c 24 68 48 8b 5c 24 60 48 83
0x00007fffa34d2f3f:   c4 50 5e c3 8b 41 08 48 83 c4 50 5e c3 cc cc cc
0x00007fffa34d2f4f:   cc 48 8d 42 ff 48 83 f8 fd 77 14 48 3b 51 10 74
0x00007fffa34d2f5f:   19 48 89 51 10 48 d1 ea 83 e2 0f 89 51 08 c3 48
0x00007fffa34d2f6f:   89 51 10 c7 41 08 63 00 00 00 c3 cc cc cc cc cc
0x00007fffa34d2f7f:   cc 40 53 48 83 ec 20 8b 41 1c 48 8b d9 83 f8 03 


Stack slot to memory mapping:
stack at sp + 0 slots: 0x00000007775fe970 points into unknown readable memory: 0x00000007775fefd0 | d0 ef 5f 77 07 00 00 00
stack at sp + 1 slots: 0x00000007775fe8a0 points into unknown readable memory: 0x0000000000000000 | 00 00 00 00 00 00 00 00
stack at sp + 2 slots: 0x00000007775fefd0 points into unknown readable memory: 0x00007fffa37279f0 | f0 79 72 a3 ff 7f 00 00
stack at sp + 3 slots: 0x000001733764b414 is pointing into metadata
stack at sp + 4 slots: 0x0 is NULL
stack at sp + 5 slots: 0x00007fffa301cfee jvm.dll
stack at sp + 6 slots: 0x00000007775fe8c8 points into unknown readable memory: 0x0000017331d804c8 | c8 04 d8 31 73 01 00 00
stack at sp + 7 slots: 0x0000000100000001 is an unknown value

VM_Operation (0x0000000777fff380): get/set locals, mode: safepoint, requested by thread 0x0000017326aa9950


---------------  P R O C E S S  ---------------

Threads class SMR info:
_java_thread_list=0x0000017329bd19a0, length=55, elements={
0x0000017300bce880, 0x0000017325eac060, 0x0000017325eacde0, 0x0000017325ebdd20,
0x0000017325ebe940, 0x0000017326801580, 0x0000017326803e50, 0x0000017326804a40,
0x00000173268053f0, 0x0000017326805cf0, 0x0000017326aa9950, 0x0000017326aaea00,
0x0000017326aaf300, 0x0000017326ab7c20, 0x0000017326ae0380, 0x0000017327662b80,
0x000001732b5a5f60, 0x000001732b518160, 0x000001732b51a310, 0x000001732b516950,
0x000001732b518b00, 0x000001732b5177c0, 0x000001732b5194a0, 0x000001732b517c90,
0x000001732b518fd0, 0x000001732b96c020, 0x000001732b969e70, 0x000001732b968b30,
0x000001732b96dd00, 0x000001732b96e6a0, 0x000001732b96eb70, 0x000001732b96f040,
0x000001732b96bb50, 0x000001732b96b680, 0x000001732b96a810, 0x000001732b96c4f0,
0x000001732b96ce90, 0x000001732b96f510, 0x000001732b96c9c0, 0x000001732b967cc0,
0x000001732b968190, 0x000001732b968660, 0x000001732b969000, 0x000001732b9699a0,
0x000001732b96ace0, 0x000001732b96a340, 0x0000017331d3bd70, 0x0000017331d3e3f0,
0x0000017331d3d0b0, 0x0000017331d3e8c0, 0x0000017331d3ed90, 0x0000017331d3c710,
0x0000017331d3f260, 0x0000017331d3d580, 0x0000017331d3df20
}

Java Threads: ( => current thread )
  0x0000017300bce880 JavaThread "main" [_thread_blocked, id=17544, stack(0x0000000776f00000,0x0000000777000000)]
  0x0000017325eac060 JavaThread "Reference Handler" daemon [_thread_blocked, id=19300, stack(0x0000000777600000,0x0000000777700000)]
  0x0000017325eacde0 JavaThread "Finalizer" daemon [_thread_blocked, id=7604, stack(0x0000000777700000,0x0000000777800000)]
  0x0000017325ebdd20 JavaThread "Signal Dispatcher" daemon [_thread_blocked, id=24316, stack(0x0000000777800000,0x0000000777900000)]
  0x0000017325ebe940 JavaThread "Attach Listener" daemon [_thread_blocked, id=16600, stack(0x0000000777900000,0x0000000777a00000)]
  0x0000017326801580 JavaThread "Service Thread" daemon [_thread_blocked, id=13236, stack(0x0000000777a00000,0x0000000777b00000)]
  0x0000017326803e50 JavaThread "Monitor Deflation Thread" daemon [_thread_blocked, id=10228, stack(0x0000000777b00000,0x0000000777c00000)]
  0x0000017326804a40 JavaThread "C2 CompilerThread0" daemon [_thread_blocked, id=23884, stack(0x0000000777c00000,0x0000000777d00000)]
  0x00000173268053f0 JavaThread "C1 CompilerThread0" daemon [_thread_blocked, id=9180, stack(0x0000000777d00000,0x0000000777e00000)]
  0x0000017326805cf0 JavaThread "Sweeper thread" daemon [_thread_blocked, id=20760, stack(0x0000000777e00000,0x0000000777f00000)]
  0x0000017326aa9950 JavaThread "JDWP Transport Listener: dt_socket" daemon [_thread_blocked, id=22568, stack(0x0000000777f00000,0x0000000778000000)]
  0x0000017326aaea00 JavaThread "JDWP Event Helper Thread" daemon [_thread_blocked, id=3424, stack(0x0000000778000000,0x0000000778100000)]
  0x0000017326aaf300 JavaThread "JDWP Command Reader" daemon [_thread_in_native, id=20164, stack(0x0000000778100000,0x0000000778200000)]
  0x0000017326ab7c20 JavaThread "Notification Thread" daemon [_thread_blocked, id=13500, stack(0x0000000778200000,0x0000000778300000)]
  0x0000017326ae0380 JavaThread "Common-Cleaner" daemon [_thread_blocked, id=16596, stack(0x0000000778400000,0x0000000778500000)]
  0x0000017327662b80 JavaThread "ReaderThread" [_thread_in_native, id=6428, stack(0x0000000778600000,0x0000000778700000)]
  0x000001732b5a5f60 JavaThread "Thread-2" daemon [_thread_in_native, id=8784, stack(0x0000000779400000,0x0000000779500000)]
  0x000001732b518160 JavaThread "BufferPoolPruner-1-thread-1" daemon [_thread_blocked, id=9432, stack(0x0000000778700000,0x0000000778800000)]
  0x000001732b51a310 JavaThread "cluster-ClusterId{value='64bbc6068652e75e4f264c58', description='null'}-srv-cluster0.xzndl.mongodb.net" daemon [_thread_blocked, id=11624, stack(0x0000000778500000,0x0000000778600000)]
  0x000001732b516950 JavaThread "cluster-ClusterId{value='64bbc6068652e75e4f264c58', description='null'}-cluster0-shard-00-02.xzndl.mongodb.net:27017" daemon [_thread_in_native, id=7028, stack(0x0000000779600000,0x0000000779700000)]
  0x000001732b518b00 JavaThread "cluster-rtt-ClusterId{value='64bbc6068652e75e4f264c58', description='null'}-cluster0-shard-00-02.xzndl.mongodb.net:27017" daemon [_thread_blocked, id=19884, stack(0x0000000779700000,0x0000000779800000)]
  0x000001732b5177c0 JavaThread "cluster-ClusterId{value='64bbc6068652e75e4f264c58', description='null'}-cluster0-shard-00-01.xzndl.mongodb.net:27017" daemon [_thread_in_native, id=22476, stack(0x0000000779900000,0x0000000779a00000)]
  0x000001732b5194a0 JavaThread "cluster-rtt-ClusterId{value='64bbc6068652e75e4f264c58', description='null'}-cluster0-shard-00-01.xzndl.mongodb.net:27017" daemon [_thread_blocked, id=17920, stack(0x0000000779a00000,0x0000000779b00000)]
  0x000001732b517c90 JavaThread "cluster-ClusterId{value='64bbc6068652e75e4f264c58', description='null'}-cluster0-shard-00-00.xzndl.mongodb.net:27017" daemon [_thread_in_native, id=14828, stack(0x0000000779b00000,0x0000000779c00000)]
  0x000001732b518fd0 JavaThread "cluster-rtt-ClusterId{value='64bbc6068652e75e4f264c58', description='null'}-cluster0-shard-00-00.xzndl.mongodb.net:27017" daemon [_thread_blocked, id=18724, stack(0x0000000779c00000,0x0000000779d00000)]
  0x000001732b96c020 JavaThread "MaintenanceTimer-4-thread-1" daemon [_thread_blocked, id=15792, stack(0x0000000779e00000,0x0000000779f00000)]
  0x000001732b969e70 JavaThread "MaintenanceTimer-3-thread-1" daemon [_thread_blocked, id=13764, stack(0x0000000779f00000,0x000000077a000000)]
  0x000001732b968b30 JavaThread "MaintenanceTimer-2-thread-1" daemon [_thread_blocked, id=11952, stack(0x000000077a000000,0x000000077a100000)]
  0x000001732b96dd00 JavaThread "commons-pool-evictor" daemon [_thread_blocked, id=10152, stack(0x000000077a100000,0x000000077a200000)]
  0x000001732b96e6a0 JavaThread "cluster-ClusterId{value='64bbc6088652e75e4f264c59', description='null'}-srv-cluster0.xzndl.mongodb.net" daemon [_thread_blocked, id=17528, stack(0x0000000779100000,0x0000000779200000)]
  0x000001732b96eb70 JavaThread "AsyncGetter-6-thread-1" daemon [_thread_blocked, id=12116, stack(0x000000077a200000,0x000000077a300000)]
  0x000001732b96f040 JavaThread "cluster-ClusterId{value='64bbc6088652e75e4f264c59', description='null'}-cluster0-shard-00-02.xzndl.mongodb.net:27017" daemon [_thread_blocked, id=20132, stack(0x000000077a300000,0x000000077a400000)]
  0x000001732b96bb50 JavaThread "cluster-rtt-ClusterId{value='64bbc6088652e75e4f264c59', description='null'}-cluster0-shard-00-02.xzndl.mongodb.net:27017" daemon [_thread_blocked, id=16672, stack(0x000000077a400000,0x000000077a500000)]
  0x000001732b96b680 JavaThread "AsyncGetter-8-thread-1" daemon [_thread_blocked, id=19536, stack(0x000000077a500000,0x000000077a600000)]
  0x000001732b96a810 JavaThread "cluster-ClusterId{value='64bbc6088652e75e4f264c59', description='null'}-cluster0-shard-00-01.xzndl.mongodb.net:27017" daemon [_thread_blocked, id=16976, stack(0x000000077a600000,0x000000077a700000)]
  0x000001732b96c4f0 JavaThread "cluster-rtt-ClusterId{value='64bbc6088652e75e4f264c59', description='null'}-cluster0-shard-00-01.xzndl.mongodb.net:27017" daemon [_thread_blocked, id=3036, stack(0x000000077a700000,0x000000077a800000)]
  0x000001732b96ce90 JavaThread "AsyncGetter-10-thread-1" daemon [_thread_blocked, id=14152, stack(0x000000077a800000,0x000000077a900000)]
  0x000001732b96f510 JavaThread "cluster-ClusterId{value='64bbc6088652e75e4f264c59', description='null'}-cluster0-shard-00-00.xzndl.mongodb.net:27017" daemon [_thread_blocked, id=16636, stack(0x000000077a900000,0x000000077aa00000)]
  0x000001732b96c9c0 JavaThread "cluster-rtt-ClusterId{value='64bbc6088652e75e4f264c59', description='null'}-cluster0-shard-00-00.xzndl.mongodb.net:27017" daemon [_thread_blocked, id=20224, stack(0x000000077aa00000,0x000000077ab00000)]
  0x000001732b967cc0 JavaThread "nioEventLoopGroup-2-1" [_thread_in_native, id=7092, stack(0x000000077ab00000,0x000000077ac00000)]
  0x000001732b968190 JavaThread "nioEventLoopGroup-2-4" [_thread_in_native, id=12924, stack(0x000000077ac00000,0x000000077ad00000)]
  0x000001732b968660 JavaThread "nioEventLoopGroup-2-5" [_thread_in_native, id=2924, stack(0x000000077ad00000,0x000000077ae00000)]
  0x000001732b969000 JavaThread "nioEventLoopGroup-2-2" [_thread_in_native, id=19360, stack(0x000000077ae00000,0x000000077af00000)]
  0x000001732b9699a0 JavaThread "nioEventLoopGroup-2-3" [_thread_in_native, id=8424, stack(0x000000077af00000,0x000000077b000000)]
  0x000001732b96ace0 JavaThread "nioEventLoopGroup-2-6" [_thread_in_native, id=11604, stack(0x000000077b000000,0x000000077b100000)]
  0x000001732b96a340 JavaThread "MaintenanceTimer-7-thread-1" daemon [_thread_blocked, id=16896, stack(0x000000077b100000,0x000000077b200000)]
  0x0000017331d3bd70 JavaThread "MaintenanceTimer-5-thread-1" daemon [_thread_blocked, id=20636, stack(0x000000077b200000,0x000000077b300000)]
  0x0000017331d3e3f0 JavaThread "MaintenanceTimer-9-thread-1" daemon [_thread_blocked, id=11484, stack(0x000000077b300000,0x000000077b400000)]
  0x0000017331d3d0b0 JavaThread "spring.cloud.inetutils" daemon [_thread_blocked, id=3116, stack(0x000000077b400000,0x000000077b500000)]
  0x0000017331d3e8c0 JavaThread "AsyncResolver-bootstrap-0" daemon [_thread_blocked, id=23888, stack(0x000000077b500000,0x000000077b600000)]
  0x0000017331d3ed90 JavaThread "DiscoveryClient-0" daemon [_thread_blocked, id=7528, stack(0x000000077b600000,0x000000077b700000)]
  0x0000017331d3c710 JavaThread "DiscoveryClient-1" daemon [_thread_blocked, id=13916, stack(0x000000077b700000,0x000000077b800000)]
  0x0000017331d3f260 JavaThread "DiscoveryClient-InstanceInfoReplicator-0" daemon [_thread_blocked, id=7984, stack(0x000000077b800000,0x000000077b900000)]
  0x0000017331d3d580 JavaThread "DiscoveryClient-HeartbeatExecutor-0" daemon [_thread_blocked, id=10296, stack(0x000000077b900000,0x000000077ba00000)]
  0x0000017331d3df20 JavaThread "DiscoveryClient-CacheRefreshExecutor-0" daemon [_thread_blocked, id=17988, stack(0x000000077ba00000,0x000000077bb00000)]

Other Threads:
=>0x0000017325ea8560 VMThread "VM Thread" [stack: 0x0000000777500000,0x0000000777600000] [id=10900]
  0x0000017326ad82f0 WatcherThread [stack: 0x0000000778300000,0x0000000778400000] [id=6636]
  0x0000017302e191b0 GCTaskThread "GC Thread#0" [stack: 0x0000000777000000,0x0000000777100000] [id=22908]
  0x0000017327a8e450 GCTaskThread "GC Thread#1" [stack: 0x0000000778800000,0x0000000778900000] [id=22256]
  0x0000017327a8e700 GCTaskThread "GC Thread#2" [stack: 0x0000000778900000,0x0000000778a00000] [id=19044]
  0x0000017327987aa0 GCTaskThread "GC Thread#3" [stack: 0x0000000778a00000,0x0000000778b00000] [id=15232]
  0x000001732806b040 GCTaskThread "GC Thread#4" [stack: 0x0000000778b00000,0x0000000778c00000] [id=10396]
  0x000001732806b2f0 GCTaskThread "GC Thread#5" [stack: 0x0000000778c00000,0x0000000778d00000] [id=12660]
  0x0000017327ee57e0 GCTaskThread "GC Thread#6" [stack: 0x0000000778d00000,0x0000000778e00000] [id=8472]
  0x000001732841b710 GCTaskThread "GC Thread#7" [stack: 0x0000000778e00000,0x0000000778f00000] [id=17204]
  0x000001732841b9c0 GCTaskThread "GC Thread#8" [stack: 0x0000000778f00000,0x0000000779000000] [id=15260]
  0x000001732841bc70 GCTaskThread "GC Thread#9" [stack: 0x0000000779000000,0x0000000779100000] [id=3040]
  0x0000017302e29d90 ConcurrentGCThread "G1 Main Marker" [stack: 0x0000000777100000,0x0000000777200000] [id=14752]
  0x0000017302e2a6b0 ConcurrentGCThread "G1 Conc#0" [stack: 0x0000000777200000,0x0000000777300000] [id=10968]
  0x00000173280913f0 ConcurrentGCThread "G1 Conc#1" [stack: 0x0000000779200000,0x0000000779300000] [id=5716]
  0x0000017328092160 ConcurrentGCThread "G1 Conc#2" [stack: 0x0000000779300000,0x0000000779400000] [id=11884]
  0x0000017302e6e8b0 ConcurrentGCThread "G1 Refine#0" [stack: 0x0000000777300000,0x0000000777400000] [id=4220]
  0x0000017325d603b0 ConcurrentGCThread "G1 Service" [stack: 0x0000000777400000,0x0000000777500000] [id=7288]

Threads with active compile tasks:

VM state: at safepoint (normal execution)

VM Mutex/Monitor currently owned by a thread:  ([mutex/lock_event])
[0x0000017300bcae30] Threads_lock - owner thread: 0x0000017325ea8560

Heap address: 0x00000004d6e00000, size: 4058 MB, Compressed Oops mode: Zero based, Oop shift amount: 3

CDS archive(s) mapped at: [0x0000000800000000-0x0000000800bd0000-0x0000000800bd0000), size 12386304, SharedBaseAddress: 0x0000000800000000, ArchiveRelocationMode: 0.
Compressed class space mapped at: 0x0000000800c00000-0x0000000840c00000, reserved size: 1073741824
Narrow klass base: 0x0000000800000000, Narrow klass shift: 0, Narrow klass range: 0x100000000

GC Precious Log:
 CPUs: 12 total, 12 available
 Memory: 16229M
 Large Page Support: Disabled
 NUMA Support: Disabled
 Compressed Oops: Enabled (Zero based)
 Heap Region Size: 2M
 Heap Min Capacity: 8M
 Heap Initial Capacity: 254M
 Heap Max Capacity: 4058M
 Pre-touch: Disabled
 Parallel Workers: 10
 Concurrent Workers: 3
 Concurrent Refinement Workers: 10
 Periodic GC: Disabled

Heap:
 garbage-first heap   total 161792K, used 117271K [0x00000004d6e00000, 0x00000005d4800000)
  region size 2048K, 25 young (51200K), 2 survivors (4096K)
 Metaspace       used 69296K, committed 69888K, reserved 1114112K
  class space    used 9534K, committed 9856K, reserved 1048576K

Heap Regions: E=young(eden), S=young(survivor), O=old, HS=humongous(starts), HC=humongous(continues), CS=collection set, F=free, OA=open archive, CA=closed archive, TAMS=top-at-mark-start (previous, next)
|   0|0x00000004d6e00000, 0x00000004d7000000, 0x00000004d7000000|100%| O|  |TAMS 0x00000004d7000000, 0x00000004d6e00000| Untracked 
|   1|0x00000004d7000000, 0x00000004d7200000, 0x00000004d7200000|100%| O|  |TAMS 0x00000004d7200000, 0x00000004d7000000| Untracked 
|   2|0x00000004d7200000, 0x00000004d7400000, 0x00000004d7400000|100%| O|  |TAMS 0x00000004d7400000, 0x00000004d7200000| Untracked 
|   3|0x00000004d7400000, 0x00000004d7600000, 0x00000004d7600000|100%| O|  |TAMS 0x00000004d7600000, 0x00000004d7400000| Untracked 
|   4|0x00000004d7600000, 0x00000004d7800000, 0x00000004d7800000|100%| O|  |TAMS 0x00000004d7800000, 0x00000004d7600000| Untracked 
|   5|0x00000004d7800000, 0x00000004d7a00000, 0x00000004d7a00000|100%| O|  |TAMS 0x00000004d7a00000, 0x00000004d7800000| Untracked 
|   6|0x00000004d7a00000, 0x00000004d7c00000, 0x00000004d7c00000|100%| O|  |TAMS 0x00000004d7c00000, 0x00000004d7a00000| Untracked 
|   7|0x00000004d7c00000, 0x00000004d7e00000, 0x00000004d7e00000|100%| O|  |TAMS 0x00000004d7e00000, 0x00000004d7c00000| Untracked 
|   8|0x00000004d7e00000, 0x00000004d8000000, 0x00000004d8000000|100%| O|  |TAMS 0x00000004d7e00000, 0x00000004d7e00000| Untracked 
|   9|0x00000004d8000000, 0x00000004d8200000, 0x00000004d8200000|100%| O|  |TAMS 0x00000004d8200000, 0x00000004d8000000| Untracked 
|  10|0x00000004d8200000, 0x00000004d8400000, 0x00000004d8400000|100%| O|  |TAMS 0x00000004d8400000, 0x00000004d8200000| Untracked 
|  11|0x00000004d8400000, 0x00000004d8600000, 0x00000004d8600000|100%| O|  |TAMS 0x00000004d8600000, 0x00000004d8400000| Untracked 
|  12|0x00000004d8600000, 0x00000004d8800000, 0x00000004d8800000|100%| O|  |TAMS 0x00000004d865a800, 0x00000004d8600000| Untracked 
|  13|0x00000004d8800000, 0x00000004d8a00000, 0x00000004d8a00000|100%|HS|  |TAMS 0x00000004d8a00000, 0x00000004d8800000| Complete 
|  14|0x00000004d8a00000, 0x00000004d8c00000, 0x00000004d8c00000|100%|HC|  |TAMS 0x00000004d8c00000, 0x00000004d8a00000| Complete 
|  15|0x00000004d8c00000, 0x00000004d8e00000, 0x00000004d8e00000|100%|HC|  |TAMS 0x00000004d8e00000, 0x00000004d8c00000| Complete 
|  16|0x00000004d8e00000, 0x00000004d9000000, 0x00000004d9000000|100%|HS|  |TAMS 0x00000004d9000000, 0x00000004d8e00000| Complete 
|  17|0x00000004d9000000, 0x00000004d9200000, 0x00000004d9200000|100%|HC|  |TAMS 0x00000004d9200000, 0x00000004d9000000| Complete 
|  18|0x00000004d9200000, 0x00000004d9400000, 0x00000004d9400000|100%|HC|  |TAMS 0x00000004d9400000, 0x00000004d9200000| Complete 
|  19|0x00000004d9400000, 0x00000004d9600000, 0x00000004d9600000|100%|HS|  |TAMS 0x00000004d9600000, 0x00000004d9400000| Complete 
|  20|0x00000004d9600000, 0x00000004d9800000, 0x00000004d9800000|100%|HC|  |TAMS 0x00000004d9800000, 0x00000004d9600000| Complete 
|  21|0x00000004d9800000, 0x00000004d9a00000, 0x00000004d9a00000|100%|HC|  |TAMS 0x00000004d9a00000, 0x00000004d9800000| Complete 
|  22|0x00000004d9a00000, 0x00000004d9c00000, 0x00000004d9c00000|100%|HS|  |TAMS 0x00000004d9c00000, 0x00000004d9a00000| Complete 
|  23|0x00000004d9c00000, 0x00000004d9e00000, 0x00000004d9e00000|100%|HC|  |TAMS 0x00000004d9e00000, 0x00000004d9c00000| Complete 
|  24|0x00000004d9e00000, 0x00000004da000000, 0x00000004da000000|100%|HC|  |TAMS 0x00000004da000000, 0x00000004d9e00000| Complete 
|  25|0x00000004da000000, 0x00000004da200000, 0x00000004da200000|100%|HS|  |TAMS 0x00000004da200000, 0x00000004da000000| Complete 
|  26|0x00000004da200000, 0x00000004da400000, 0x00000004da400000|100%|HC|  |TAMS 0x00000004da400000, 0x00000004da200000| Complete 
|  27|0x00000004da400000, 0x00000004da600000, 0x00000004da600000|100%|HC|  |TAMS 0x00000004da600000, 0x00000004da400000| Complete 
|  28|0x00000004da600000, 0x00000004da800000, 0x00000004da800000|100%|HS|  |TAMS 0x00000004da800000, 0x00000004da600000| Complete 
|  29|0x00000004da800000, 0x00000004daa00000, 0x00000004daa00000|100%|HC|  |TAMS 0x00000004daa00000, 0x00000004da800000| Complete 
|  30|0x00000004daa00000, 0x00000004dac00000, 0x00000004dac00000|100%|HC|  |TAMS 0x00000004dac00000, 0x00000004daa00000| Complete 
|  31|0x00000004dac00000, 0x00000004dae00000, 0x00000004dae00000|100%| O|  |TAMS 0x00000004dac00000, 0x00000004dac00000| Untracked 
|  32|0x00000004dae00000, 0x00000004dae00000, 0x00000004db000000|  0%| F|  |TAMS 0x00000004dae00000, 0x00000004dae00000| Untracked 
|  33|0x00000004db000000, 0x00000004db000000, 0x00000004db200000|  0%| F|  |TAMS 0x00000004db000000, 0x00000004db000000| Untracked 
|  34|0x00000004db200000, 0x00000004db200000, 0x00000004db400000|  0%| F|  |TAMS 0x00000004db200000, 0x00000004db200000| Untracked 
|  35|0x00000004db400000, 0x00000004db400000, 0x00000004db600000|  0%| F|  |TAMS 0x00000004db400000, 0x00000004db400000| Untracked 
|  36|0x00000004db600000, 0x00000004db600000, 0x00000004db800000|  0%| F|  |TAMS 0x00000004db600000, 0x00000004db600000| Untracked 
|  37|0x00000004db800000, 0x00000004dba00000, 0x00000004dba00000|100%| O|  |TAMS 0x00000004db800000, 0x00000004db800000| Untracked 
|  38|0x00000004dba00000, 0x00000004dbab4a00, 0x00000004dbc00000| 35%| O|  |TAMS 0x00000004dba00000, 0x00000004dba00000| Untracked 
|  39|0x00000004dbc00000, 0x00000004dbc00000, 0x00000004dbe00000|  0%| F|  |TAMS 0x00000004dbc00000, 0x00000004dbc00000| Untracked 
|  40|0x00000004dbe00000, 0x00000004dbe00000, 0x00000004dc000000|  0%| F|  |TAMS 0x00000004dbe00000, 0x00000004dbe00000| Untracked 
|  41|0x00000004dc000000, 0x00000004dc000000, 0x00000004dc200000|  0%| F|  |TAMS 0x00000004dc000000, 0x00000004dc000000| Untracked 
|  42|0x00000004dc200000, 0x00000004dc200000, 0x00000004dc400000|  0%| F|  |TAMS 0x00000004dc200000, 0x00000004dc200000| Untracked 
|  43|0x00000004dc400000, 0x00000004dc400000, 0x00000004dc600000|  0%| F|  |TAMS 0x00000004dc400000, 0x00000004dc400000| Untracked 
|  44|0x00000004dc600000, 0x00000004dc600000, 0x00000004dc800000|  0%| F|  |TAMS 0x00000004dc600000, 0x00000004dc600000| Untracked 
|  45|0x00000004dc800000, 0x00000004dc800000, 0x00000004dca00000|  0%| F|  |TAMS 0x00000004dc800000, 0x00000004dc800000| Untracked 
|  46|0x00000004dca00000, 0x00000004dca00000, 0x00000004dcc00000|  0%| F|  |TAMS 0x00000004dca00000, 0x00000004dca00000| Untracked 
|  47|0x00000004dcc00000, 0x00000004dcc00000, 0x00000004dce00000|  0%| F|  |TAMS 0x00000004dcc00000, 0x00000004dcc00000| Untracked 
|  48|0x00000004dce00000, 0x00000004dce00000, 0x00000004dd000000|  0%| F|  |TAMS 0x00000004dce00000, 0x00000004dce00000| Untracked 
|  49|0x00000004dd000000, 0x00000004dd000000, 0x00000004dd200000|  0%| F|  |TAMS 0x00000004dd000000, 0x00000004dd000000| Untracked 
|  50|0x00000004dd200000, 0x00000004dd3d1440, 0x00000004dd400000| 90%| S|CS|TAMS 0x00000004dd200000, 0x00000004dd200000| Complete 
|  51|0x00000004dd400000, 0x00000004dd600000, 0x00000004dd600000|100%| S|CS|TAMS 0x00000004dd400000, 0x00000004dd400000| Complete 
|  52|0x00000004dd600000, 0x00000004dd600000, 0x00000004dd800000|  0%| F|  |TAMS 0x00000004dd600000, 0x00000004dd600000| Untracked 
|  53|0x00000004dd800000, 0x00000004dd800000, 0x00000004dda00000|  0%| F|  |TAMS 0x00000004dd800000, 0x00000004dd800000| Untracked 
|  54|0x00000004dda00000, 0x00000004dda00000, 0x00000004ddc00000|  0%| F|  |TAMS 0x00000004dda00000, 0x00000004dda00000| Untracked 
|  55|0x00000004ddc00000, 0x00000004ddc00000, 0x00000004dde00000|  0%| F|  |TAMS 0x00000004ddc00000, 0x00000004ddc00000| Untracked 
|  56|0x00000004dde00000, 0x00000004ddf111c8, 0x00000004de000000| 53%| E|  |TAMS 0x00000004dde00000, 0x00000004dde00000| Complete 
|  57|0x00000004de000000, 0x00000004de200000, 0x00000004de200000|100%| E|CS|TAMS 0x00000004de000000, 0x00000004de000000| Complete 
|  58|0x00000004de200000, 0x00000004de400000, 0x00000004de400000|100%| E|CS|TAMS 0x00000004de200000, 0x00000004de200000| Complete 
|  59|0x00000004de400000, 0x00000004de600000, 0x00000004de600000|100%| E|CS|TAMS 0x00000004de400000, 0x00000004de400000| Complete 
|  60|0x00000004de600000, 0x00000004de800000, 0x00000004de800000|100%| E|CS|TAMS 0x00000004de600000, 0x00000004de600000| Complete 
|  61|0x00000004de800000, 0x00000004dea00000, 0x00000004dea00000|100%| E|CS|TAMS 0x00000004de800000, 0x00000004de800000| Complete 
|  62|0x00000004dea00000, 0x00000004dec00000, 0x00000004dec00000|100%| E|CS|TAMS 0x00000004dea00000, 0x00000004dea00000| Complete 
|  63|0x00000004dec00000, 0x00000004dee00000, 0x00000004dee00000|100%| E|CS|TAMS 0x00000004dec00000, 0x00000004dec00000| Complete 
|  64|0x00000004dee00000, 0x00000004df000000, 0x00000004df000000|100%| E|CS|TAMS 0x00000004dee00000, 0x00000004dee00000| Complete 
|  65|0x00000004df000000, 0x00000004df200000, 0x00000004df200000|100%| E|CS|TAMS 0x00000004df000000, 0x00000004df000000| Complete 
|  66|0x00000004df200000, 0x00000004df400000, 0x00000004df400000|100%| E|CS|TAMS 0x00000004df200000, 0x00000004df200000| Complete 
|  67|0x00000004df400000, 0x00000004df600000, 0x00000004df600000|100%| E|CS|TAMS 0x00000004df400000, 0x00000004df400000| Complete 
|  68|0x00000004df600000, 0x00000004df800000, 0x00000004df800000|100%| E|CS|TAMS 0x00000004df600000, 0x00000004df600000| Complete 
|  69|0x00000004df800000, 0x00000004dfa00000, 0x00000004dfa00000|100%| E|CS|TAMS 0x00000004df800000, 0x00000004df800000| Complete 
|  70|0x00000004dfa00000, 0x00000004dfc00000, 0x00000004dfc00000|100%| E|CS|TAMS 0x00000004dfa00000, 0x00000004dfa00000| Complete 
|  71|0x00000004dfc00000, 0x00000004dfe00000, 0x00000004dfe00000|100%| E|CS|TAMS 0x00000004dfc00000, 0x00000004dfc00000| Complete 
|  72|0x00000004dfe00000, 0x00000004e0000000, 0x00000004e0000000|100%| E|CS|TAMS 0x00000004dfe00000, 0x00000004dfe00000| Complete 
|  73|0x00000004e0000000, 0x00000004e0200000, 0x00000004e0200000|100%| E|CS|TAMS 0x00000004e0000000, 0x00000004e0000000| Complete 
| 120|0x00000004e5e00000, 0x00000004e6000000, 0x00000004e6000000|100%| E|CS|TAMS 0x00000004e5e00000, 0x00000004e5e00000| Complete 
| 121|0x00000004e6000000, 0x00000004e6200000, 0x00000004e6200000|100%| E|CS|TAMS 0x00000004e6000000, 0x00000004e6000000| Complete 
| 122|0x00000004e6200000, 0x00000004e6400000, 0x00000004e6400000|100%| E|CS|TAMS 0x00000004e6200000, 0x00000004e6200000| Complete 
| 123|0x00000004e6400000, 0x00000004e6600000, 0x00000004e6600000|100%| E|CS|TAMS 0x00000004e6400000, 0x00000004e6400000| Complete 
| 126|0x00000004e6a00000, 0x00000004e6c00000, 0x00000004e6c00000|100%| E|CS|TAMS 0x00000004e6a00000, 0x00000004e6a00000| Complete 

Card table byte_map: [0x000001731a360000,0x000001731ab50000] _byte_map_base: 0x0000017317ca9000

Marking Bits (Prev, Next): (CMBitMap*) 0x0000017302e19710, (CMBitMap*) 0x0000017302e196d0
 Prev Bits: [0x000001731f2b0000, 0x0000017323218000)
 Next Bits: [0x000001731b340000, 0x000001731f2a8000)

Polling page: 0x0000017300ab0000

Metaspace:

Usage:
  Non-class:     58.36 MB used.
      Class:      9.31 MB used.
       Both:     67.67 MB used.

Virtual space:
  Non-class space:       64.00 MB reserved,      58.62 MB ( 92%) committed,  8 nodes.
      Class space:        1.00 GB reserved,       9.62 MB ( <1%) committed,  1 nodes.
             Both:        1.06 GB reserved,      68.25 MB (  6%) committed. 

Chunk freelists:
   Non-Class:  1.09 MB
       Class:  2.31 MB
        Both:  3.40 MB

MaxMetaspaceSize: unlimited
CompressedClassSpaceSize: 1.00 GB
Initial GC threshold: 21.00 MB
Current GC threshold: 92.62 MB
CDS: on
MetaspaceReclaimPolicy: balanced
 - commit_granule_bytes: 65536.
 - commit_granule_words: 8192.
 - virtual_space_node_default_size: 1048576.
 - enlarge_chunks_in_place: 1.
 - new_chunks_are_fully_committed: 0.
 - uncommit_free_chunks: 1.
 - use_allocation_guard: 0.
 - handle_deallocations: 1.


Internal statistics:

num_allocs_failed_limit: 9.
num_arena_births: 780.
num_arena_deaths: 0.
num_vsnodes_births: 9.
num_vsnodes_deaths: 0.
num_space_committed: 1092.
num_space_uncommitted: 0.
num_chunks_returned_to_freelist: 9.
num_chunks_taken_from_freelist: 3216.
num_chunk_merges: 3.
num_chunk_splits: 2236.
num_chunks_enlarged: 1712.
num_purges: 0.
num_inconsistent_stats: 0.

CodeHeap 'non-profiled nmethods': size=120000Kb used=2343Kb max_used=4360Kb free=117657Kb
 bounds [0x00000173120f0000, 0x0000017312540000, 0x0000017319620000]
CodeHeap 'profiled nmethods': size=120000Kb used=9019Kb max_used=13320Kb free=110980Kb
 bounds [0x000001730a620000, 0x000001730b330000, 0x0000017311b50000]
CodeHeap 'non-nmethods': size=5760Kb used=1434Kb max_used=1534Kb free=4325Kb
 bounds [0x0000017311b50000, 0x0000017311dc0000, 0x00000173120f0000]
 total_blobs=6256 nmethods=5561 adapters=606
 compilation: enabled
              stopped_count=0, restarted_count=0
 full_count=0

Compilation events (20 events):
Event: 47.488 Thread 0x00000173268053f0 8028       3       io.netty.util.concurrent.DefaultPromise::isDone0 (17 bytes)
Event: 47.488 Thread 0x00000173268053f0 nmethod 8028 0x000001730afe7d10 code [0x000001730afe7ea0, 0x000001730afe8038]
Event: 47.488 Thread 0x00000173268053f0 8030       3       io.netty.util.internal.ReferenceCountUpdater::nonVolatileRawCnt (30 bytes)
Event: 47.488 Thread 0x00000173268053f0 nmethod 8030 0x000001730b012490 code [0x000001730b012660, 0x000001730b012998]
Event: 47.522 Thread 0x00000173268053f0 8031       3       io.netty.buffer.AbstractByteBuf::setIndex0 (11 bytes)
Event: 47.522 Thread 0x00000173268053f0 nmethod 8031 0x000001730aebdf10 code [0x000001730aebe0a0, 0x000001730aebe1b8]
Event: 47.522 Thread 0x0000017326804a40 8032       4       org.bson.BsonBinaryReader::doSkipValue (365 bytes)
Event: 47.523 Thread 0x00000173268053f0 8035       3       io.netty.buffer.AbstractByteBuf::order (22 bytes)
Event: 47.524 Thread 0x00000173268053f0 nmethod 8035 0x000001730b1afd10 code [0x000001730b1aff00, 0x000001730b1b0368]
Event: 47.543 Thread 0x0000017326804a40 nmethod 8032 0x0000017312464010 code [0x0000017312464320, 0x0000017312465ad8]
Event: 47.544 Thread 0x0000017326804a40 8034       4       io.netty.buffer.UnpooledDuplicatedByteBuf::unwrap (5 bytes)
Event: 47.544 Thread 0x0000017326804a40 nmethod 8034 0x0000017312463d10 code [0x0000017312463e80, 0x0000017312463f58]
Event: 47.544 Thread 0x0000017326804a40 8033       4       io.netty.buffer.CompositeByteBuf::readerIndex (6 bytes)
Event: 47.545 Thread 0x0000017326804a40 nmethod 8033 0x0000017312366b90 code [0x0000017312366d20, 0x0000017312366ef8]
Event: 47.568 Thread 0x00000173268053f0 8036       3       io.netty.util.internal.PlatformDependent::hasUnsafe (12 bytes)
Event: 47.569 Thread 0x00000173268053f0 nmethod 8036 0x000001730afe7890 code [0x000001730afe7a20, 0x000001730afe7b38]
Event: 47.569 Thread 0x0000017326804a40 8037       4       io.netty.buffer.CompositeByteBuf::capacity (25 bytes)
Event: 47.569 Thread 0x00000173268053f0 8038       3       io.netty.util.Recycler$LocalPool::release (98 bytes)
Event: 47.570 Thread 0x0000017326804a40 nmethod 8037 0x0000017312366810 code [0x0000017312366980, 0x0000017312366a78]
Event: 47.570 Thread 0x00000173268053f0 nmethod 8038 0x000001730b10fe90 code [0x000001730b110120, 0x000001730b110cc8]

GC Heap History (20 events):
Event: 3.476 GC heap before
{Heap before GC invocations=3 (full 0):
 garbage-first heap   total 260096K, used 17904K [0x00000004d6e00000, 0x00000005d4800000)
  region size 2048K, 6 young (12288K), 3 survivors (6144K)
 Metaspace       used 21248K, committed 21504K, reserved 1073152K
  class space    used 2672K, committed 2816K, reserved 1048576K
}
Event: 3.480 GC heap after
{Heap after GC invocations=4 (full 0):
 garbage-first heap   total 260096K, used 14662K [0x00000004d6e00000, 0x00000005d4800000)
  region size 2048K, 4 young (8192K), 4 survivors (8192K)
 Metaspace       used 21248K, committed 21504K, reserved 1073152K
  class space    used 2672K, committed 2816K, reserved 1048576K
}
Event: 3.978 GC heap before
{Heap before GC invocations=5 (full 0):
 garbage-first heap   total 61440K, used 43334K [0x00000004d6e00000, 0x00000005d4800000)
  region size 2048K, 18 young (36864K), 4 survivors (8192K)
 Metaspace       used 24713K, committed 24960K, reserved 1073152K
  class space    used 3200K, committed 3328K, reserved 1048576K
}
Event: 3.984 GC heap after
{Heap after GC invocations=6 (full 0):
 garbage-first heap   total 61440K, used 15970K [0x00000004d6e00000, 0x00000005d4800000)
  region size 2048K, 2 young (4096K), 2 survivors (4096K)
 Metaspace       used 24713K, committed 24960K, reserved 1073152K
  class space    used 3200K, committed 3328K, reserved 1048576K
}
Event: 4.035 GC heap before
{Heap before GC invocations=6 (full 0):
 garbage-first heap   total 61440K, used 18018K [0x00000004d6e00000, 0x00000005d4800000)
  region size 2048K, 3 young (6144K), 2 survivors (4096K)
 Metaspace       used 25104K, committed 25344K, reserved 1073152K
  class space    used 3252K, committed 3392K, reserved 1048576K
}
Event: 4.039 GC heap after
{Heap after GC invocations=7 (full 0):
 garbage-first heap   total 61440K, used 16116K [0x00000004d6e00000, 0x00000005d4800000)
  region size 2048K, 1 young (2048K), 1 survivors (2048K)
 Metaspace       used 25104K, committed 25344K, reserved 1073152K
  class space    used 3252K, committed 3392K, reserved 1048576K
}
Event: 4.539 GC heap before
{Heap before GC invocations=7 (full 0):
 garbage-first heap   total 61440K, used 40692K [0x00000004d6e00000, 0x00000005d4800000)
  region size 2048K, 13 young (26624K), 1 survivors (2048K)
 Metaspace       used 28167K, committed 28480K, reserved 1081344K
  class space    used 3674K, committed 3840K, reserved 1048576K
}
Event: 4.542 GC heap after
{Heap after GC invocations=8 (full 0):
 garbage-first heap   total 61440K, used 17490K [0x00000004d6e00000, 0x00000005d4800000)
  region size 2048K, 1 young (2048K), 1 survivors (2048K)
 Metaspace       used 28167K, committed 28480K, reserved 1081344K
  class space    used 3674K, committed 3840K, reserved 1048576K
}
Event: 5.110 GC heap before
{Heap before GC invocations=8 (full 0):
 garbage-first heap   total 61440K, used 40018K [0x00000004d6e00000, 0x00000005d4800000)
  region size 2048K, 13 young (26624K), 1 survivors (2048K)
 Metaspace       used 33516K, committed 33920K, reserved 1081344K
  class space    used 4412K, committed 4608K, reserved 1048576K
}
Event: 5.116 GC heap after
{Heap after GC invocations=9 (full 0):
 garbage-first heap   total 61440K, used 19362K [0x00000004d6e00000, 0x00000005d4800000)
  region size 2048K, 2 young (4096K), 2 survivors (4096K)
 Metaspace       used 33516K, committed 33920K, reserved 1081344K
  class space    used 4412K, committed 4608K, reserved 1048576K
}
Event: 5.220 GC heap before
{Heap before GC invocations=9 (full 0):
 garbage-first heap   total 61440K, used 25506K [0x00000004d6e00000, 0x00000005d4800000)
  region size 2048K, 6 young (12288K), 2 survivors (4096K)
 Metaspace       used 35621K, committed 35968K, reserved 1081344K
  class space    used 4683K, committed 4864K, reserved 1048576K
}
Event: 5.224 GC heap after
{Heap after GC invocations=10 (full 0):
 garbage-first heap   total 61440K, used 20394K [0x00000004d6e00000, 0x00000005d4800000)
  region size 2048K, 2 young (4096K), 2 survivors (4096K)
 Metaspace       used 35621K, committed 35968K, reserved 1081344K
  class space    used 4683K, committed 4864K, reserved 1048576K
}
Event: 5.653 GC heap before
{Heap before GC invocations=11 (full 0):
 garbage-first heap   total 61440K, used 42922K [0x00000004d6e00000, 0x00000005d4800000)
  region size 2048K, 13 young (26624K), 2 survivors (4096K)
 Metaspace       used 41190K, committed 41600K, reserved 1089536K
  class space    used 5475K, committed 5696K, reserved 1048576K
}
Event: 5.659 GC heap after
{Heap after GC invocations=12 (full 0):
 garbage-first heap   total 61440K, used 23471K [0x00000004d6e00000, 0x00000005d4800000)
  region size 2048K, 2 young (4096K), 2 survivors (4096K)
 Metaspace       used 41190K, committed 41600K, reserved 1089536K
  class space    used 5475K, committed 5696K, reserved 1048576K
}
Event: 5.696 GC heap before
{Heap before GC invocations=12 (full 0):
 garbage-first heap   total 61440K, used 25519K [0x00000004d6e00000, 0x00000005d4800000)
  region size 2048K, 3 young (6144K), 2 survivors (4096K)
 Metaspace       used 41701K, committed 42112K, reserved 1089536K
  class space    used 5535K, committed 5760K, reserved 1048576K
}
Event: 5.703 GC heap after
{Heap after GC invocations=13 (full 0):
 garbage-first heap   total 161792K, used 23606K [0x00000004d6e00000, 0x00000005d4800000)
  region size 2048K, 1 young (2048K), 1 survivors (2048K)
 Metaspace       used 41701K, committed 42112K, reserved 1089536K
  class space    used 5535K, committed 5760K, reserved 1048576K
}
Event: 7.269 GC heap before
{Heap before GC invocations=13 (full 0):
 garbage-first heap   total 161792K, used 142390K [0x00000004d6e00000, 0x00000005d4800000)
  region size 2048K, 42 young (86016K), 1 survivors (2048K)
 Metaspace       used 56372K, committed 56832K, reserved 1097728K
  class space    used 7449K, committed 7680K, reserved 1048576K
}
Event: 7.276 GC heap after
{Heap after GC invocations=14 (full 0):
 garbage-first heap   total 161792K, used 69175K [0x00000004d6e00000, 0x00000005d4800000)
  region size 2048K, 5 young (10240K), 5 survivors (10240K)
 Metaspace       used 56372K, committed 56832K, reserved 1097728K
  class space    used 7449K, committed 7680K, reserved 1048576K
}
Event: 12.306 GC heap before
{Heap before GC invocations=15 (full 0):
 garbage-first heap   total 161792K, used 124471K [0x00000004d6e00000, 0x00000005d4800000)
  region size 2048K, 32 young (65536K), 5 survivors (10240K)
 Metaspace       used 64963K, committed 65472K, reserved 1105920K
  class space    used 8837K, committed 9088K, reserved 1048576K
}
Event: 12.312 GC heap after
{Heap after GC invocations=16 (full 0):
 garbage-first heap   total 161792K, used 72215K [0x00000004d6e00000, 0x00000005d4800000)
  region size 2048K, 2 young (4096K), 2 survivors (4096K)
 Metaspace       used 64963K, committed 65472K, reserved 1105920K
  class space    used 8837K, committed 9088K, reserved 1048576K
}

Deoptimization events (20 events):
Event: 41.475 Thread 0x0000017331d3d580 DEOPT PACKING pc=0x000001730ab636ec sp=0x000000077b9fd7f0
Event: 41.475 Thread 0x0000017331d3d580 DEOPT UNPACKING pc=0x0000017311ba2b43 sp=0x000000077b9fcc48 mode 1
Event: 41.475 Thread 0x0000017331d3d580 DEOPT PACKING pc=0x000001730ab636ec sp=0x000000077b9fd7f0
Event: 41.475 Thread 0x0000017331d3d580 DEOPT UNPACKING pc=0x0000017311ba2b43 sp=0x000000077b9fcc48 mode 1
Event: 41.477 Thread 0x0000017331d3df20 DEOPT PACKING pc=0x000001730ab636ec sp=0x000000077bafd750
Event: 41.477 Thread 0x0000017331d3df20 DEOPT UNPACKING pc=0x0000017311ba2b43 sp=0x000000077bafcba8 mode 1
Event: 41.478 Thread 0x0000017331d3df20 DEOPT PACKING pc=0x000001730ab636ec sp=0x000000077bafd750
Event: 41.478 Thread 0x0000017331d3df20 DEOPT UNPACKING pc=0x0000017311ba2b43 sp=0x000000077bafcba8 mode 1
Event: 41.545 Thread 0x0000017331d3f260 DEOPT PACKING pc=0x000001730a768fdc sp=0x000000077b8fdce0
Event: 41.545 Thread 0x0000017331d3f260 DEOPT UNPACKING pc=0x0000017311ba2b43 sp=0x000000077b8fd198 mode 1
Event: 41.545 Thread 0x0000017331d3f260 DEOPT PACKING pc=0x000001730aabd774 sp=0x000000077b8fe670
Event: 41.545 Thread 0x0000017331d3f260 DEOPT UNPACKING pc=0x0000017311ba2b43 sp=0x000000077b8fdb40 mode 1
Event: 41.547 Thread 0x0000017331d3f260 DEOPT PACKING pc=0x000001730a768fdc sp=0x000000077b8fdc20
Event: 41.547 Thread 0x0000017331d3f260 DEOPT UNPACKING pc=0x0000017311ba2b43 sp=0x000000077b8fd0d8 mode 1
Event: 41.547 Thread 0x0000017331d3f260 DEOPT PACKING pc=0x000001730aabd774 sp=0x000000077b8fe5b0
Event: 41.547 Thread 0x0000017331d3f260 DEOPT UNPACKING pc=0x0000017311ba2b43 sp=0x000000077b8fda80 mode 1
Event: 41.559 Thread 0x0000017331d3f260 DEOPT PACKING pc=0x000001730ab636ec sp=0x000000077b8fd460
Event: 41.559 Thread 0x0000017331d3f260 DEOPT UNPACKING pc=0x0000017311ba2b43 sp=0x000000077b8fc8b8 mode 1
Event: 41.560 Thread 0x0000017331d3f260 DEOPT PACKING pc=0x000001730ab636ec sp=0x000000077b8fd460
Event: 41.560 Thread 0x0000017331d3f260 DEOPT UNPACKING pc=0x0000017311ba2b43 sp=0x000000077b8fc8b8 mode 1

Classes unloaded (0 events):
No events

Classes redefined (16 events):
Event: 12.602 Thread 0x0000017325ea8560 redefined class name=org.springframework.data.mongodb.repository.MongoRepository, count=1
Event: 12.602 Thread 0x0000017325ea8560 redefined class name=org.springframework.data.repository.ListPagingAndSortingRepository, count=1
Event: 12.602 Thread 0x0000017325ea8560 redefined class name=com.justinkuchmy.orderitem.OrderItemRepository, count=1
Event: 12.602 Thread 0x0000017325ea8560 redefined class name=org.springframework.data.repository.query.QueryByExampleExecutor, count=1
Event: 12.602 Thread 0x0000017325ea8560 redefined class name=org.springframework.data.repository.Repository, count=1
Event: 12.602 Thread 0x0000017325ea8560 redefined class name=org.springframework.data.repository.ListCrudRepository, count=1
Event: 12.602 Thread 0x0000017325ea8560 redefined class name=org.springframework.data.repository.PagingAndSortingRepository, count=1
Event: 12.602 Thread 0x0000017325ea8560 redefined class name=org.springframework.data.repository.CrudRepository, count=1
Event: 12.920 Thread 0x0000017325ea8560 redefined class name=org.springframework.beans.factory.Aware, count=1
Event: 12.920 Thread 0x0000017325ea8560 redefined class name=org.springframework.data.redis.core.RedisTemplate, count=1
Event: 12.920 Thread 0x0000017325ea8560 redefined class name=org.springframework.data.redis.core.RedisAccessor, count=1
Event: 12.920 Thread 0x0000017325ea8560 redefined class name=org.springframework.beans.factory.InitializingBean, count=1
Event: 12.920 Thread 0x0000017325ea8560 redefined class name=org.springframework.data.redis.core.RedisOperations, count=1
Event: 12.920 Thread 0x0000017325ea8560 redefined class name=org.springframework.beans.factory.BeanClassLoaderAware, count=1
Event: 12.922 Thread 0x0000017325ea8560 redefined class name=java.lang.Object, count=1
Event: 12.976 Thread 0x0000017325ea8560 redefined class name=com.justinkuchmy.orderitem.Config.RedisDB, count=2

Internal exceptions (20 events):
Event: 12.744 Thread 0x0000017300bce880 Exception <a 'java/lang/NoSuchMethodError'{0x00000004df8b9ec8}: 'java.lang.Object java.lang.invoke.Invokers$Holder.invoker(java.lang.Object, java.lang.Object, java.lang.Object)'> (0x00000004df8b9ec8) 
thrown [s\open\src\hotspot\share\interpreter\linkResolver.cpp, line 759]
Event: 13.042 Thread 0x0000017300bce880 Exception <a 'java/lang/NoSuchMethodError'{0x00000004de627f90}: 'java.lang.Object java.lang.invoke.DirectMethodHandle$Holder.newInvokeSpecial(java.lang.Object, java.lang.Object, java.lang.Object, java.lang.Object, int)'> (0x00000004de627f90) 
thrown [s\open\src\hotspot\share\interpreter\linkResolver.cpp, line 759]
Event: 13.043 Thread 0x0000017300bce880 Exception <a 'java/lang/NoSuchMethodError'{0x00000004de62c668}: 'java.lang.Object java.lang.invoke.DirectMethodHandle$Holder.invokeSpecial(java.lang.Object, java.lang.Object, java.lang.Object, java.lang.Object, java.lang.Object, int)'> (0x00000004de62c668) 
thrown [s\open\src\hotspot\share\interpreter\linkResolver.cpp, line 759]
Event: 13.043 Thread 0x0000017300bce880 Exception <a 'java/lang/NoSuchMethodError'{0x00000004de6303f8}: 'java.lang.Object java.lang.invoke.Invokers$Holder.linkToTargetMethod(java.lang.Object, java.lang.Object, java.lang.Object, int, java.lang.Object)'> (0x00000004de6303f8) 
thrown [s\open\src\hotspot\share\interpreter\linkResolver.cpp, line 759]
Event: 13.052 Thread 0x0000017300bce880 Exception <a 'java/lang/IncompatibleClassChangeError'{0x00000004de67c248}: Found class java.lang.Object, but interface was expected> (0x00000004de67c248) 
thrown [s\open\src\hotspot\share\interpreter\linkResolver.cpp, line 826]
Event: 13.081 Thread 0x0000017300bce880 Exception <a 'java/lang/IncompatibleClassChangeError'{0x00000004de732690}: Found class java.lang.Object, but interface was expected> (0x00000004de732690) 
thrown [s\open\src\hotspot\share\interpreter\linkResolver.cpp, line 826]
Event: 41.458 Thread 0x0000017331d3d580 Exception <a 'java/lang/NoSuchMethodError'{0x00000004de021b58}: 'java.lang.Object java.lang.invoke.DirectMethodHandle$Holder.invokeSpecial(java.lang.Object, java.lang.Object, long, java.lang.Object, java.lang.Object, java.lang.Object, java.lang.Object, java.lang.Object, java.lang.Object)'> (0x00000004de021b58) 
thrown [s\open\src\hotspot\share\interpreter\linkResolver.cpp, line 759]
Event: 41.458 Thread 0x0000017331d3d580 Exception <a 'java/lang/NoSuchMethodError'{0x00000004de0263d8}: 'java.lang.Object java.lang.invoke.DelegatingMethodHandle$Holder.reinvoke_L(java.lang.Object, long, java.lang.Object, java.lang.Object, java.lang.Object, java.lang.Object, java.lang.Object, java.lang.Object)'> (0x00000004de0263d8) 
thrown [s\open\src\hotspot\share\interpreter\linkResolver.cpp, line 759]
Event: 41.475 Thread 0x0000017331d3d580 Exception <a 'java/net/ConnectException'{0x00000004de1623e0}: Connection refused: no further information> (0x00000004de1623e0) 
thrown [s\open\src\hotspot\share\prims\jni.cpp, line 535]
Event: 41.475 Thread 0x0000017331d3d580 Exception <a 'java/net/SocketException'{0x00000004de1629c0}: Socket is not connected: shutdown> (0x00000004de1629c0) 
thrown [s\open\src\hotspot\share\prims\jni.cpp, line 535]
Event: 41.475 Thread 0x0000017331d3d580 Exception <a 'java/net/ConnectException'{0x00000004de163dc8}: Connection refused: no further information> (0x00000004de163dc8) 
thrown [s\open\src\hotspot\share\prims\jni.cpp, line 535]
Event: 41.475 Thread 0x0000017331d3d580 Exception <a 'java/net/SocketException'{0x00000004de1643a8}: Socket is not connected: shutdown> (0x00000004de1643a8) 
thrown [s\open\src\hotspot\share\prims\jni.cpp, line 535]
Event: 41.477 Thread 0x0000017331d3df20 Exception <a 'java/net/ConnectException'{0x00000004de19bd40}: Connection refused: no further information> (0x00000004de19bd40) 
thrown [s\open\src\hotspot\share\prims\jni.cpp, line 535]
Event: 41.477 Thread 0x0000017331d3df20 Exception <a 'java/net/SocketException'{0x00000004de19c320}: Socket is not connected: shutdown> (0x00000004de19c320) 
thrown [s\open\src\hotspot\share\prims\jni.cpp, line 535]
Event: 41.478 Thread 0x0000017331d3df20 Exception <a 'java/net/ConnectException'{0x00000004de19d728}: Connection refused: no further information> (0x00000004de19d728) 
thrown [s\open\src\hotspot\share\prims\jni.cpp, line 535]
Event: 41.478 Thread 0x0000017331d3df20 Exception <a 'java/net/SocketException'{0x00000004de19dd08}: Socket is not connected: shutdown> (0x00000004de19dd08) 
thrown [s\open\src\hotspot\share\prims\jni.cpp, line 535]
Event: 41.559 Thread 0x0000017331d3f260 Exception <a 'java/net/ConnectException'{0x00000004dde58270}: Connection refused: no further information> (0x00000004dde58270) 
thrown [s\open\src\hotspot\share\prims\jni.cpp, line 535]
Event: 41.559 Thread 0x0000017331d3f260 Exception <a 'java/net/SocketException'{0x00000004dde5eb00}: Socket is not connected: shutdown> (0x00000004dde5eb00) 
thrown [s\open\src\hotspot\share\prims\jni.cpp, line 535]
Event: 41.560 Thread 0x0000017331d3f260 Exception <a 'java/net/ConnectException'{0x00000004dde5ff08}: Connection refused: no further information> (0x00000004dde5ff08) 
thrown [s\open\src\hotspot\share\prims\jni.cpp, line 535]
Event: 41.560 Thread 0x0000017331d3f260 Exception <a 'java/net/SocketException'{0x00000004dde604e8}: Socket is not connected: shutdown> (0x00000004dde604e8) 
thrown [s\open\src\hotspot\share\prims\jni.cpp, line 535]

VM Operations (20 events):
Event: 45.202 Executing VM operation: get/set locals done
Event: 45.685 Executing VM operation: get/set locals
Event: 45.685 Executing VM operation: get/set locals done
Event: 45.686 Executing VM operation: ChangeSingleStep
Event: 45.686 Executing VM operation: ChangeSingleStep done
Event: 45.687 Executing VM operation: ChangeSingleStep
Event: 45.687 Executing VM operation: ChangeSingleStep done
Event: 45.870 Executing VM operation: get/set locals
Event: 45.870 Executing VM operation: get/set locals done
Event: 46.494 Executing VM operation: get/set locals
Event: 46.495 Executing VM operation: get/set locals done
Event: 47.121 Executing VM operation: get/set locals
Event: 47.122 Executing VM operation: get/set locals done
Event: 48.134 Executing VM operation: Cleanup
Event: 48.134 Executing VM operation: Cleanup done
Event: 49.341 Executing VM operation: get/set locals
Event: 49.342 Executing VM operation: get/set locals done
Event: 50.302 Executing VM operation: ChangeBreakpoints
Event: 50.303 Executing VM operation: ChangeBreakpoints done
Event: 51.570 Executing VM operation: get/set locals

Events (20 events):
Event: 41.444 loading class com/netflix/discovery/shared/transport/decorator/EurekaHttpClientDecorator$3
Event: 41.444 loading class com/netflix/discovery/shared/transport/decorator/EurekaHttpClientDecorator$3 done
Event: 41.447 loading class org/brotli/dec/BrotliInputStream
Event: 41.447 loading class org/brotli/dec/BrotliInputStream done
Event: 41.447 loading class org/brotli/dec/BrotliInputStream
Event: 41.447 loading class org/brotli/dec/BrotliInputStream done
Event: 41.448 loading class org/brotli/dec/BrotliInputStream
Event: 41.448 loading class org/brotli/dec/BrotliInputStream done
Event: 41.448 loading class org/brotli/dec/BrotliInputStream
Event: 41.448 loading class org/brotli/dec/BrotliInputStream done
Event: 41.450 Thread 0x000001732b6f0350 Thread added: 0x000001732b6f0350
Event: 41.452 Thread 0x000001732b6ef930 Thread added: 0x000001732b6ef930
Event: 41.473 loading class org/apache/hc/client5/http/classic/methods/HttpPut
Event: 41.473 loading class org/apache/hc/client5/http/classic/methods/HttpPut done
Event: 41.544 loading class org/brotli/dec/BrotliInputStream
Event: 41.544 loading class org/brotli/dec/BrotliInputStream done
Event: 41.547 loading class org/brotli/dec/BrotliInputStream
Event: 41.547 loading class org/brotli/dec/BrotliInputStream done
Event: 45.908 Thread 0x000001732b6ef930 Thread exited: 0x000001732b6ef930
Event: 45.908 Thread 0x000001732b6f0350 Thread exited: 0x000001732b6f0350


Dynamic libraries:
0x00007ff66a290000 - 0x00007ff66a2a0000 	C:\Program Files\Java\jdk-17\bin\java.exe
0x00007ff821470000 - 0x00007ff821668000 	C:\Windows\SYSTEM32\ntdll.dll
0x00007ff81f860000 - 0x00007ff81f91f000 	C:\Windows\System32\KERNEL32.DLL
0x00007ff81f1d0000 - 0x00007ff81f4c6000 	C:\Windows\System32\KERNELBASE.dll
0x00007ff81ebc0000 - 0x00007ff81ecc0000 	C:\Windows\System32\ucrtbase.dll
0x00007ff80af00000 - 0x00007ff80af19000 	C:\Program Files\Java\jdk-17\bin\jli.dll
0x00007ffffd0c0000 - 0x00007ffffd0db000 	C:\Program Files\Java\jdk-17\bin\VCRUNTIME140.dll
0x00007ff81f7b0000 - 0x00007ff81f85f000 	C:\Windows\System32\ADVAPI32.dll
0x00007ff81f710000 - 0x00007ff81f7ae000 	C:\Windows\System32\msvcrt.dll
0x00007ff81fbf0000 - 0x00007ff81fc8c000 	C:\Windows\System32\sechost.dll
0x00007ff820390000 - 0x00007ff8204b6000 	C:\Windows\System32\RPCRT4.dll
0x00007ff81f920000 - 0x00007ff81fabd000 	C:\Windows\System32\USER32.dll
0x00007ff81ecc0000 - 0x00007ff81ece2000 	C:\Windows\System32\win32u.dll
0x00007ff8080c0000 - 0x00007ff80835a000 	C:\Windows\WinSxS\amd64_microsoft.windows.common-controls_6595b64144ccf1df_6.0.19041.1110_none_60b5254171f9507e\COMCTL32.dll
0x00007ff81f4d0000 - 0x00007ff81f4fc000 	C:\Windows\System32\GDI32.dll
0x00007ff81ef00000 - 0x00007ff81f015000 	C:\Windows\System32\gdi32full.dll
0x00007ff81edd0000 - 0x00007ff81ee6d000 	C:\Windows\System32\msvcp_win.dll
0x00007ff8187d0000 - 0x00007ff8187da000 	C:\Windows\SYSTEM32\VERSION.dll
0x00007ff820820000 - 0x00007ff820850000 	C:\Windows\System32\IMM32.DLL
0x00007ff815970000 - 0x00007ff81597c000 	C:\Program Files\Java\jdk-17\bin\vcruntime140_1.dll
0x00007fffe8e70000 - 0x00007fffe8efe000 	C:\Program Files\Java\jdk-17\bin\msvcp140.dll
0x00007fffa2de0000 - 0x00007fffa39bd000 	C:\Program Files\Java\jdk-17\bin\server\jvm.dll
0x00007ff81fea0000 - 0x00007ff81fea8000 	C:\Windows\System32\PSAPI.DLL
0x00007ff812800000 - 0x00007ff812809000 	C:\Windows\SYSTEM32\WSOCK32.dll
0x00007ff81c210000 - 0x00007ff81c237000 	C:\Windows\SYSTEM32\WINMM.dll
0x00007ff820320000 - 0x00007ff82038b000 	C:\Windows\System32\WS2_32.dll
0x00007ff81c9c0000 - 0x00007ff81c9d2000 	C:\Windows\SYSTEM32\kernel.appcore.dll
0x00007ff805740000 - 0x00007ff80574a000 	C:\Program Files\Java\jdk-17\bin\jimage.dll
0x00007ff814d90000 - 0x00007ff814f74000 	C:\Windows\SYSTEM32\DBGHELP.DLL
0x00007ff814d50000 - 0x00007ff814d84000 	C:\Windows\SYSTEM32\dbgcore.DLL
0x00007ff81ee70000 - 0x00007ff81eef2000 	C:\Windows\System32\bcryptPrimitives.dll
0x00007ff815bf0000 - 0x00007ff815c2b000 	C:\Program Files\Java\jdk-17\bin\jdwp.dll
0x00007fffee920000 - 0x00007fffee945000 	C:\Program Files\Java\jdk-17\bin\java.dll
0x00007fffc4130000 - 0x00007fffc4207000 	C:\Program Files\Java\jdk-17\bin\jsvml.dll
0x00007ff820ce0000 - 0x00007ff821424000 	C:\Windows\System32\SHELL32.dll
0x00007ff81cbc0000 - 0x00007ff81d354000 	C:\Windows\SYSTEM32\windows.storage.dll
0x00007ff8204c0000 - 0x00007ff820814000 	C:\Windows\System32\combase.dll
0x00007ff81e590000 - 0x00007ff81e5be000 	C:\Windows\SYSTEM32\Wldp.dll
0x00007ff81f650000 - 0x00007ff81f6fd000 	C:\Windows\System32\SHCORE.dll
0x00007ff81f590000 - 0x00007ff81f5e5000 	C:\Windows\System32\shlwapi.dll
0x00007ff81ea80000 - 0x00007ff81eaa5000 	C:\Windows\SYSTEM32\profapi.dll
0x00007ff81c2b0000 - 0x00007ff81c2bc000 	C:\Program Files\Java\jdk-17\bin\dt_socket.dll
0x00007ff81df50000 - 0x00007ff81df8c000 	C:\Windows\SYSTEM32\IPHLPAPI.DLL
0x00007ff81e290000 - 0x00007ff81e2fa000 	C:\Windows\system32\mswsock.dll
0x00007ff81df90000 - 0x00007ff81e05a000 	C:\Windows\SYSTEM32\DNSAPI.dll
0x00007ff81f700000 - 0x00007ff81f708000 	C:\Windows\System32\NSI.dll
0x00007ff8175e0000 - 0x00007ff8175ea000 	C:\Windows\System32\rasadhlp.dll
0x00007ff813560000 - 0x00007ff8135e2000 	C:\Windows\System32\fwpuclnt.dll
0x00007ff81eda0000 - 0x00007ff81edc7000 	C:\Windows\System32\bcrypt.dll
0x00007ff8002e0000 - 0x00007ff8002f9000 	C:\Program Files\Java\jdk-17\bin\net.dll
0x00007ff8166a0000 - 0x00007ff8167aa000 	C:\Windows\SYSTEM32\WINHTTP.dll
0x00007ffff8320000 - 0x00007ffff8336000 	C:\Program Files\Java\jdk-17\bin\nio.dll
0x00007ff8047f0000 - 0x00007ff804808000 	C:\Program Files\Java\jdk-17\bin\zip.dll
0x00007ff818200000 - 0x00007ff818217000 	C:\Windows\SYSTEM32\dhcpcsvc6.DLL
0x00007ff8182a0000 - 0x00007ff8182bd000 	C:\Windows\SYSTEM32\dhcpcsvc.DLL
0x00007ff81e430000 - 0x00007ff81e448000 	C:\Windows\SYSTEM32\CRYPTSP.dll
0x00007ff81db60000 - 0x00007ff81db94000 	C:\Windows\system32\rsaenh.dll
0x00007ff81ea40000 - 0x00007ff81ea6e000 	C:\Windows\SYSTEM32\USERENV.dll
0x00007ff81e450000 - 0x00007ff81e45c000 	C:\Windows\SYSTEM32\CRYPTBASE.dll
0x00007ff81a310000 - 0x00007ff81a31d000 	C:\Program Files\Java\jdk-17\bin\sunmscapi.dll
0x00007ff81f070000 - 0x00007ff81f1ce000 	C:\Windows\System32\CRYPT32.dll
0x00007ff81e600000 - 0x00007ff81e628000 	C:\Windows\SYSTEM32\ncrypt.dll
0x00007ff81e5c0000 - 0x00007ff81e5fb000 	C:\Windows\SYSTEM32\NTASN1.dll
0x00007ff818d20000 - 0x00007ff818d2a000 	C:\Program Files\Java\jdk-17\bin\management.dll
0x00007ff815fd0000 - 0x00007ff815fdb000 	C:\Program Files\Java\jdk-17\bin\management_ext.dll
0x00007ff815ad0000 - 0x00007ff815ad7000 	C:\Windows\system32\wshunix.dll
0x00007ff805540000 - 0x00007ff805550000 	C:\Program Files\Java\jdk-17\bin\verify.dll
0x00007ff805730000 - 0x00007ff80573e000 	C:\Program Files\Java\jdk-17\bin\instrument.dll

dbghelp: loaded successfully - version: 4.0.5 - missing functions: none
symbol engine: initialized successfully - sym options: 0x614 - pdb path: .;C:\Program Files\Java\jdk-17\bin;C:\Windows\SYSTEM32;C:\Windows\WinSxS\amd64_microsoft.windows.common-controls_6595b64144ccf1df_6.0.19041.1110_none_60b5254171f9507e;C:\Program Files\Java\jdk-17\bin\server

VM Arguments:
jvm_args: -Xdebug -Xnoagent -Djava.compiler=NONE -Xrunjdwp:transport=dt_socket,address=localhost:61718,server=n,suspend=y -ea -XX:+ShowCodeDetailsInExceptionMessages -Dfile.encoding=UTF-8 
java_command: org.eclipse.jdt.internal.junit.runner.RemoteTestRunner -version 3 -port 61714 -testLoaderClass org.eclipse.jdt.internal.junit5.runner.JUnit5TestLoader -loaderpluginname org.eclipse.jdt.junit5.runtime -test com.justinkuchmy.orderitem.OrderitemApplicationTests:getorderItems
java_class_path (initial): d:\Code\BikeShop\Backend\orderitem\target\test-classes;d:\Code\BikeShop\Backend\orderitem\target\classes;c:\Users\jukuc\.m2\repository\org\springframework\boot\spring-boot-starter-data-rest\3.1.0\spring-boot-starter-data-rest-3.1.0.jar;c:\Users\jukuc\.m2\repository\org\springframework\data\spring-data-rest-webmvc\4.1.0\spring-data-rest-webmvc-4.1.0.jar;c:\Users\jukuc\.m2\repository\org\springframework\data\spring-data-rest-core\4.1.0\spring-data-rest-core-4.1.0.jar;c:\Users\jukuc\.m2\repository\org\springframework\hateoas\spring-hateoas\2.1.0\spring-hateoas-2.1.0.jar;c:\Users\jukuc\.m2\repository\org\springframework\plugin\spring-plugin-core\3.0.0\spring-plugin-core-3.0.0.jar;c:\Users\jukuc\.m2\repository\org\atteo\evo-inflector\1.3\evo-inflector-1.3.jar;c:\Users\jukuc\.m2\repository\com\fasterxml\jackson\core\jackson-databind\2.15.0\jackson-databind-2.15.0.jar;c:\Users\jukuc\.m2\repository\com\fasterxml\jackson\core\jackson-annotations\2.15.0\jackson-annotations-2.15.0.jar;c:\Users\jukuc\.m2\repository\org\springframework\boot\spring-boot-starter-web\3.1.0\spring-boot-starter-web-3.1.0.jar;c:\Users\jukuc\.m2\repository\org\springframework\boot\spring-boot-starter\3.1.0\spring-boot-starter-3.1.0.jar;c:\Users\jukuc\.m2\repository\org\springframework\boot\spring-boot\3.1.0\spring-boot-3.1.0.jar;c:\Users\jukuc\.m2\repository\org\springframework\boot\spring-boot-autoconfigure\3.1.0\spring-boot-autoconfigure-3.1.0.jar;c:\Users\jukuc\.m2\repository\org\springframework\boot\spring-boot-starter-logging\3.1.0\spring-boot-starter-logging-3.1.0.jar;c:\Users\jukuc\.m2\repository\ch\qos\logback\logback-classic\1.4.7\logback-classic-1.4.7.jar;c:\Users\jukuc\.m2\repository\ch\qos\logback\logback-core\1.4.7\logback-core-1.4.7.jar;c:\Users\jukuc\.m2\repository\org\apache\logging\log4j\log4j-to-slf4j\2.20.0\log4j-to-slf4j-2.20.0.jar;c:\Users\jukuc\.m2\repository\org\apache\logging\log4j\log4j-api\2.20.0\log4j-api-2.20.0.jar;c:\Users\jukuc\.m2\repository\o
Launcher Type: SUN_STANDARD

[Global flags]
     intx CICompilerCount                          = 4                                         {product} {ergonomic}
     uint ConcGCThreads                            = 3                                         {product} {ergonomic}
     uint G1ConcRefinementThreads                  = 10                                        {product} {ergonomic}
   size_t G1HeapRegionSize                         = 2097152                                   {product} {ergonomic}
    uintx GCDrainStackTargetSize                   = 64                                        {product} {ergonomic}
   size_t InitialHeapSize                          = 266338304                                 {product} {ergonomic}
   size_t MarkStackSize                            = 4194304                                   {product} {ergonomic}
   size_t MaxHeapSize                              = 4255121408                                {product} {ergonomic}
   size_t MaxNewSize                               = 2552233984                                {product} {ergonomic}
   size_t MinHeapDeltaBytes                        = 2097152                                   {product} {ergonomic}
   size_t MinHeapSize                              = 8388608                                   {product} {ergonomic}
    uintx NonNMethodCodeHeapSize                   = 5839372                                {pd product} {ergonomic}
    uintx NonProfiledCodeHeapSize                  = 122909434                              {pd product} {ergonomic}
    uintx ProfiledCodeHeapSize                     = 122909434                              {pd product} {ergonomic}
    uintx ReservedCodeCacheSize                    = 251658240                              {pd product} {ergonomic}
     bool SegmentedCodeCache                       = true                                      {product} {ergonomic}
     bool ShowCodeDetailsInExceptionMessages       = true                                   {manageable} {command line}
   size_t SoftMaxHeapSize                          = 4255121408                             {manageable} {ergonomic}
     bool UseCompressedClassPointers               = true                           {product lp64_product} {ergonomic}
     bool UseCompressedOops                        = true                           {product lp64_product} {ergonomic}
     bool UseG1GC                                  = true                                      {product} {ergonomic}
     bool UseLargePagesIndividualAllocation        = false                                  {pd product} {ergonomic}

Logging:
Log output configuration:
 #0: stdout all=warning uptime,level,tags
 #1: stderr all=off uptime,level,tags

Environment Variables:
PATH=C:\Program Files\Common Files\Oracle\Java\javapath;C:\Program Files (x86)\Common Files\Oracle\Java\javapath;C:\Windows\system32;C:\Windows;C:\Windows\System32\Wbem;C:\Windows\System32\WindowsPowerShell\v1.0\;C:\Windows\System32\OpenSSH\;C:\Program Files (x86)\NVIDIA Corporation\PhysX\Common;D:\Program Files\apache-maven-3.9.3\bin;D:\Program Files\nodejs\node_modules\npm\bin;C:\ProgramData\chocolatey\bin;C:\Program Files\nodejs\;C:\Users\jukuc\AppData\Local\Microsoft\WindowsApps;;D:\Users\jukuc\AppData\Local\Programs\Microsoft VS Code\bin;C:\Users\jukuc\AppData\Roaming\npm
USERNAME=jukuc
OS=Windows_NT
PROCESSOR_IDENTIFIER=Intel64 Family 6 Model 158 Stepping 10, GenuineIntel



---------------  S Y S T E M  ---------------

OS:
 Windows 10 , 64 bit Build 19041 (10.0.19041.3155)
OS uptime: 6 days 17:21 hours
Hyper-V role detected

CPU: total 12 (initial active 12) (6 cores per cpu, 2 threads per core) family 6 model 158 stepping 10 microcode 0xb4, cx8, cmov, fxsr, ht, mmx, 3dnowpref, sse, sse2, sse3, ssse3, sse4.1, sse4.2, popcnt, lzcnt, tsc, tscinvbit, avx, avx2, aes, erms, clmul, bmi1, bmi2, adx, fma, vzeroupper, clflush, clflushopt, hv

Memory: 4k page, system-wide physical 16229M (7484M free)
TotalPageFile size 20837M (AvailPageFile size 7874M)
current process WorkingSet (physical memory assigned to process): 372M, peak: 480M
current process commit charge ("private bytes"): 424M, peak: 532M

vm_info: Java HotSpot(TM) 64-Bit Server VM (17.0.7+8-LTS-224) for windows-amd64 JRE (17.0.7+8-LTS-224), built on Feb 28 2023 23:03:02 by "mach5one" with MS VC++ 17.1 (VS2022)

END.
